<?xml version="1.0" encoding="UTF-8"?>
<testsuite xmlns:xsi="http://www.w3.org/2001/XMLSchema-instance" xsi:noNamespaceSchemaLocation="https://maven.apache.org/surefire/maven-surefire-plugin/xsd/surefire-test-report-3.0.xsd" version="3.0" name="com.hospital.dashboard.DashboardApplicationTests" time="10.231" tests="1" errors="0" skipped="0" failures="0">
  <properties>
[...]
</properties>
  <testcase name="contextLoads" classname="com.hospital.dashboard.DashboardApplicationTests" time="0.005">
    <system-out><![CDATA[2025-12-17T21:07:27.869+01:00  INFO 19100 --- [dashboard] [           main] t.c.s.AnnotationConfigContextLoaderUtils : Could not detect default configuration classes for test class [com.hospital.dashboard.DashboardApplicationTests]: DashboardApplicationTests does not declare any static, non-private, non-final, nested classes annotated with @Configuration.
2025-12-17T21:07:27.882+01:00  INFO 19100 --- [dashboard] [           main] .b.t.c.SpringBootTestContextBootstrapper : Found @SpringBootConfiguration com.hospital.dashboard.DashboardApplication for test class com.hospital.dashboard.DashboardApplicationTests

  .   ____          _            __ _ _
 /\\ / ___'_ __ _ _(_)_ __  __ _ \ \ \ \
( ( )\___ | '_ | '_| | '_ \/ _` | \ \ \ \
 \\/  ___)| |_)| | | | | || (_| |  ) ) ) )
  '  |____| .__|_| |_|_| |_\__, | / / / /
 =========|_|==============|___/=/_/_/_/
 :: Spring Boot ::                (v3.2.0)

2025-12-17T21:07:27.923+01:00  INFO 19100 --- [dashboard] [           main] c.h.dashboard.DashboardApplicationTests  : Starting DashboardApplicationTests using Java 21.0.8 with PID 19100 (started by sabou in C:\Users\sabou\OneDrive\Bureau\projetJEE)
2025-12-17T21:07:27.923+01:00  INFO 19100 --- [dashboard] [           main] c.h.dashboard.DashboardApplicationTests  : No active profile set, falling back to 1 default profile: "default"
2025-12-17T21:07:28.630+01:00  INFO 19100 --- [dashboard] [           main] .s.d.r.c.RepositoryConfigurationDelegate : Bootstrapping Spring Data JPA repositories in DEFAULT mode.
2025-12-17T21:07:28.763+01:00  INFO 19100 --- [dashboard] [           main] .s.d.r.c.RepositoryConfigurationDelegate : Finished Spring Data repository scanning in 105 ms. Found 6 JPA repository interfaces.
2025-12-17T21:07:29.384+01:00  INFO 19100 --- [dashboard] [           main] com.zaxxer.hikari.HikariDataSource       : HikariPool-1 - Starting...
2025-12-17T21:07:30.170+01:00  INFO 19100 --- [dashboard] [           main] com.zaxxer.hikari.pool.HikariPool        : HikariPool-1 - Added connection conn0: url=jdbc:h2:mem:hospital_db user=SA
2025-12-17T21:07:30.181+01:00  INFO 19100 --- [dashboard] [           main] com.zaxxer.hikari.HikariDataSource       : HikariPool-1 - Start completed.
2025-12-17T21:07:30.373+01:00  INFO 19100 --- [dashboard] [           main] o.hibernate.jpa.internal.util.LogHelper  : HHH000204: Processing PersistenceUnitInfo [name: default]
2025-12-17T21:07:30.616+01:00  INFO 19100 --- [dashboard] [           main] org.hibernate.Version                    : HHH000412: Hibernate ORM core version 6.3.1.Final
2025-12-17T21:07:30.730+01:00  INFO 19100 --- [dashboard] [           main] o.h.c.internal.RegionFactoryInitiator    : HHH000026: Second-level cache disabled
2025-12-17T21:07:31.316+01:00  INFO 19100 --- [dashboard] [           main] o.s.o.j.p.SpringPersistenceUnitInfo      : No LoadTimeWeaver setup: ignoring JPA class transformer
2025-12-17T21:07:31.450+01:00  WARN 19100 --- [dashboard] [           main] org.hibernate.orm.deprecation            : HHH90000025: H2Dialect does not need to be specified explicitly using 'hibernate.dialect' (remove the property setting and it will be selected by default)
2025-12-17T21:07:33.638+01:00  INFO 19100 --- [dashboard] [           main] o.h.e.t.j.p.i.JtaPlatformInitiator       : HHH000489: No JTA platform available (set 'hibernate.transaction.jta.platform' to enable JTA platform integration)
Hibernate: drop table if exists consumable cascade 
Hibernate: drop table if exists hospital_stay cascade 
Hibernate: drop table if exists medical_act cascade 
Hibernate: drop table if exists medication cascade 
Hibernate: drop table if exists patient cascade 
Hibernate: drop table if exists personnel cascade 
Hibernate: create table consumable (date date, quantity integer, total_cost numeric(38,2), id bigint generated by default as identity, medication_id bigint, patient_id bigint, primary key (id))
Hibernate: create table hospital_stay (daily_rate numeric(38,2), end_date date, start_date date, id bigint generated by default as identity, patient_id bigint, pathology varchar(255), primary key (id))
Hibernate: create table medical_act (cost numeric(38,2), date date, id bigint generated by default as identity, patient_id bigint, practitioner varchar(255), type varchar(255), primary key (id))
Hibernate: create table medication (stock integer, unit_cost numeric(38,2), id bigint generated by default as identity, category varchar(255), name varchar(255), unit varchar(255), primary key (id))
Hibernate: create table patient (birth_date date, id bigint generated by default as identity, first_name varchar(255), last_name varchar(255), ssn varchar(255), primary key (id))
Hibernate: create table personnel (cost_per_day numeric(38,2), id bigint generated by default as identity, email varchar(255), name varchar(255), phone varchar(255), role varchar(255), service varchar(255), primary key (id))
Hibernate: alter table if exists consumable add constraint FK3wkbkfo8kd9bbgk2ef45ol72n foreign key (medication_id) references medication
Hibernate: alter table if exists consumable add constraint FK1h2vvuknuc99fitr6k5dytt6 foreign key (patient_id) references patient
Hibernate: alter table if exists hospital_stay add constraint FKmpmclx44negvosx2u8spjajq8 foreign key (patient_id) references patient
Hibernate: alter table if exists medical_act add constraint FKpfrjhe3dsuehkic44bdb88da0 foreign key (patient_id) references patient
2025-12-17T21:07:33.778+01:00  INFO 19100 --- [dashboard] [           main] j.LocalContainerEntityManagerFactoryBean : Initialized JPA EntityManagerFactory for persistence unit 'default'
2025-12-17T21:07:35.001+01:00  WARN 19100 --- [dashboard] [           main] JpaBaseConfiguration$JpaWebConfiguration : spring.jpa.open-in-view is enabled by default. Therefore, database queries may be performed during view rendering. Explicitly configure spring.jpa.open-in-view to disable this warning
2025-12-17T21:07:35.438+01:00  INFO 19100 --- [dashboard] [           main] c.h.dashboard.DashboardApplicationTests  : Started DashboardApplicationTests in 7.544 seconds (process running for 24.986)
Hibernate: select p1_0.id,p1_0.cost_per_day,p1_0.email,p1_0.name,p1_0.phone,p1_0.role,p1_0.service from personnel p1_0 where p1_0.email=?
Hibernate: select count(*) from patient p1_0
Hibernate: select count(*) from patient p1_0
Hibernate: insert into patient (birth_date,first_name,last_name,ssn,id) values (?,?,?,?,default)
Hibernate: insert into patient (birth_date,first_name,last_name,ssn,id) values (?,?,?,?,default)
Hibernate: insert into patient (birth_date,first_name,last_name,ssn,id) values (?,?,?,?,default)
Hibernate: insert into patient (birth_date,first_name,last_name,ssn,id) values (?,?,?,?,default)
Hibernate: insert into personnel (cost_per_day,email,name,phone,role,service,id) values (?,?,?,?,?,?,default)
Hibernate: insert into personnel (cost_per_day,email,name,phone,role,service,id) values (?,?,?,?,?,?,default)
Hibernate: insert into personnel (cost_per_day,email,name,phone,role,service,id) values (?,?,?,?,?,?,default)
Hibernate: insert into personnel (cost_per_day,email,name,phone,role,service,id) values (?,?,?,?,?,?,default)
Hibernate: insert into medication (category,name,stock,unit,unit_cost,id) values (?,?,?,?,?,default)
Hibernate: insert into medication (category,name,stock,unit,unit_cost,id) values (?,?,?,?,?,default)
Hibernate: insert into medication (category,name,stock,unit,unit_cost,id) values (?,?,?,?,?,default)
Hibernate: insert into medication (category,name,stock,unit,unit_cost,id) values (?,?,?,?,?,default)
Hibernate: insert into medication (category,name,stock,unit,unit_cost,id) values (?,?,?,?,?,default)
Hibernate: insert into medication (category,name,stock,unit,unit_cost,id) values (?,?,?,?,?,default)
Hibernate: insert into medication (category,name,stock,unit,unit_cost,id) values (?,?,?,?,?,default)
Hibernate: insert into medication (category,name,stock,unit,unit_cost,id) values (?,?,?,?,?,default)
Hibernate: select p1_0.id,p1_0.birth_date,p1_0.first_name,p1_0.last_name,p1_0.ssn from patient p1_0
Hibernate: select m1_0.id,m1_0.category,m1_0.name,m1_0.stock,m1_0.unit,m1_0.unit_cost from medication m1_0
Hibernate: select p1_0.id,p1_0.cost_per_day,p1_0.email,p1_0.name,p1_0.phone,p1_0.role,p1_0.service from personnel p1_0
Hibernate: insert into medical_act (cost,date,patient_id,practitioner,type,id) values (?,?,?,?,?,default)
Hibernate: insert into medical_act (cost,date,patient_id,practitioner,type,id) values (?,?,?,?,?,default)
Hibernate: insert into consumable (date,medication_id,patient_id,quantity,total_cost,id) values (?,?,?,?,?,default)
Hibernate: insert into medical_act (cost,date,patient_id,practitioner,type,id) values (?,?,?,?,?,default)
Hibernate: insert into medical_act (cost,date,patient_id,practitioner,type,id) values (?,?,?,?,?,default)
Hibernate: insert into consumable (date,medication_id,patient_id,quantity,total_cost,id) values (?,?,?,?,?,default)
Hibernate: insert into consumable (date,medication_id,patient_id,quantity,total_cost,id) values (?,?,?,?,?,default)
Hibernate: insert into consumable (date,medication_id,patient_id,quantity,total_cost,id) values (?,?,?,?,?,default)
Hibernate: insert into hospital_stay (daily_rate,end_date,pathology,patient_id,start_date,id) values (?,?,?,?,?,default)
Hibernate: insert into medical_act (cost,date,patient_id,practitioner,type,id) values (?,?,?,?,?,default)
Hibernate: insert into consumable (date,medication_id,patient_id,quantity,total_cost,id) values (?,?,?,?,?,default)
Hibernate: insert into consumable (date,medication_id,patient_id,quantity,total_cost,id) values (?,?,?,?,?,default)
Hibernate: insert into consumable (date,medication_id,patient_id,quantity,total_cost,id) values (?,?,?,?,?,default)
Hibernate: insert into consumable (date,medication_id,patient_id,quantity,total_cost,id) values (?,?,?,?,?,default)
Hibernate: insert into medical_act (cost,date,patient_id,practitioner,type,id) values (?,?,?,?,?,default)
Hibernate: insert into medical_act (cost,date,patient_id,practitioner,type,id) values (?,?,?,?,?,default)
Hibernate: insert into consumable (date,medication_id,patient_id,quantity,total_cost,id) values (?,?,?,?,?,default)
Hibernate: insert into consumable (date,medication_id,patient_id,quantity,total_cost,id) values (?,?,?,?,?,default)
Hibernate: insert into consumable (date,medication_id,patient_id,quantity,total_cost,id) values (?,?,?,?,?,default)
Hibernate: insert into consumable (date,medication_id,patient_id,quantity,total_cost,id) values (?,?,?,?,?,default)
Hibernate: insert into consumable (date,medication_id,patient_id,quantity,total_cost,id) values (?,?,?,?,?,default)
Hibernate: insert into consumable (date,medication_id,patient_id,quantity,total_cost,id) values (?,?,?,?,?,default)
Hibernate: insert into consumable (date,medication_id,patient_id,quantity,total_cost,id) values (?,?,?,?,?,default)
Hibernate: insert into hospital_stay (daily_rate,end_date,pathology,patient_id,start_date,id) values (?,?,?,?,?,default)
Hibernate: insert into medical_act (cost,date,patient_id,practitioner,type,id) values (?,?,?,?,?,default)
Hibernate: insert into consumable (date,medication_id,patient_id,quantity,total_cost,id) values (?,?,?,?,?,default)
Hibernate: insert into consumable (date,medication_id,patient_id,quantity,total_cost,id) values (?,?,?,?,?,default)
Hibernate: insert into hospital_stay (daily_rate,end_date,pathology,patient_id,start_date,id) values (?,?,?,?,?,default)
Hibernate: insert into consumable (date,medication_id,patient_id,quantity,total_cost,id) values (?,?,?,?,?,default)
Hibernate: insert into consumable (date,medication_id,patient_id,quantity,total_cost,id) values (?,?,?,?,?,default)
Hibernate: insert into consumable (date,medication_id,patient_id,quantity,total_cost,id) values (?,?,?,?,?,default)
Hibernate: insert into hospital_stay (daily_rate,end_date,pathology,patient_id,start_date,id) values (?,?,?,?,?,default)
Hibernate: insert into consumable (date,medication_id,patient_id,quantity,total_cost,id) values (?,?,?,?,?,default)
Hibernate: insert into consumable (date,medication_id,patient_id,quantity,total_cost,id) values (?,?,?,?,?,default)
Hibernate: insert into consumable (date,medication_id,patient_id,quantity,total_cost,id) values (?,?,?,?,?,default)
Hibernate: insert into medical_act (cost,date,patient_id,practitioner,type,id) values (?,?,?,?,?,default)
Hibernate: insert into medical_act (cost,date,patient_id,practitioner,type,id) values (?,?,?,?,?,default)
Hibernate: insert into consumable (date,medication_id,patient_id,quantity,total_cost,id) values (?,?,?,?,?,default)
Hibernate: insert into consumable (date,medication_id,patient_id,quantity,total_cost,id) values (?,?,?,?,?,default)
Hibernate: insert into consumable (date,medication_id,patient_id,quantity,total_cost,id) values (?,?,?,?,?,default)
Hibernate: insert into medical_act (cost,date,patient_id,practitioner,type,id) values (?,?,?,?,?,default)
Hibernate: insert into medical_act (cost,date,patient_id,practitioner,type,id) values (?,?,?,?,?,default)
Hibernate: insert into consumable (date,medication_id,patient_id,quantity,total_cost,id) values (?,?,?,?,?,default)
Hibernate: insert into consumable (date,medication_id,patient_id,quantity,total_cost,id) values (?,?,?,?,?,default)
Hibernate: insert into hospital_stay (daily_rate,end_date,pathology,patient_id,start_date,id) values (?,?,?,?,?,default)
Hibernate: insert into medical_act (cost,date,patient_id,practitioner,type,id) values (?,?,?,?,?,default)
Hibernate: insert into consumable (date,medication_id,patient_id,quantity,total_cost,id) values (?,?,?,?,?,default)
Hibernate: insert into consumable (date,medication_id,patient_id,quantity,total_cost,id) values (?,?,?,?,?,default)
Hibernate: insert into consumable (date,medication_id,patient_id,quantity,total_cost,id) values (?,?,?,?,?,default)
Hibernate: insert into consumable (date,medication_id,patient_id,quantity,total_cost,id) values (?,?,?,?,?,default)
Hibernate: insert into consumable (date,medication_id,patient_id,quantity,total_cost,id) values (?,?,?,?,?,default)
Hibernate: insert into consumable (date,medication_id,patient_id,quantity,total_cost,id) values (?,?,?,?,?,default)
Hibernate: insert into hospital_stay (daily_rate,end_date,pathology,patient_id,start_date,id) values (?,?,?,?,?,default)
Hibernate: insert into consumable (date,medication_id,patient_id,quantity,total_cost,id) values (?,?,?,?,?,default)
Hibernate: insert into consumable (date,medication_id,patient_id,quantity,total_cost,id) values (?,?,?,?,?,default)
Hibernate: insert into consumable (date,medication_id,patient_id,quantity,total_cost,id) values (?,?,?,?,?,default)
Hibernate: insert into consumable (date,medication_id,patient_id,quantity,total_cost,id) values (?,?,?,?,?,default)
Hibernate: insert into hospital_stay (daily_rate,end_date,pathology,patient_id,start_date,id) values (?,?,?,?,?,default)
Hibernate: insert into medical_act (cost,date,patient_id,practitioner,type,id) values (?,?,?,?,?,default)
Hibernate: insert into consumable (date,medication_id,patient_id,quantity,total_cost,id) values (?,?,?,?,?,default)
Hibernate: insert into consumable (date,medication_id,patient_id,quantity,total_cost,id) values (?,?,?,?,?,default)
Hibernate: insert into hospital_stay (daily_rate,end_date,pathology,patient_id,start_date,id) values (?,?,?,?,?,default)
Hibernate: insert into medical_act (cost,date,patient_id,practitioner,type,id) values (?,?,?,?,?,default)
Hibernate: insert into medical_act (cost,date,patient_id,practitioner,type,id) values (?,?,?,?,?,default)
Hibernate: insert into consumable (date,medication_id,patient_id,quantity,total_cost,id) values (?,?,?,?,?,default)
Hibernate: insert into consumable (date,medication_id,patient_id,quantity,total_cost,id) values (?,?,?,?,?,default)
Hibernate: insert into consumable (date,medication_id,patient_id,quantity,total_cost,id) values (?,?,?,?,?,default)
Hibernate: insert into medical_act (cost,date,patient_id,practitioner,type,id) values (?,?,?,?,?,default)
Hibernate: insert into consumable (date,medication_id,patient_id,quantity,total_cost,id) values (?,?,?,?,?,default)
Hibernate: insert into medical_act (cost,date,patient_id,practitioner,type,id) values (?,?,?,?,?,default)
Hibernate: insert into consumable (date,medication_id,patient_id,quantity,total_cost,id) values (?,?,?,?,?,default)
Hibernate: insert into medical_act (cost,date,patient_id,practitioner,type,id) values (?,?,?,?,?,default)
Hibernate: insert into consumable (date,medication_id,patient_id,quantity,total_cost,id) values (?,?,?,?,?,default)
Hibernate: insert into consumable (date,medication_id,patient_id,quantity,total_cost,id) values (?,?,?,?,?,default)
Hibernate: insert into consumable (date,medication_id,patient_id,quantity,total_cost,id) values (?,?,?,?,?,default)
Hibernate: insert into medical_act (cost,date,patient_id,practitioner,type,id) values (?,?,?,?,?,default)
Hibernate: insert into medical_act (cost,date,patient_id,practitioner,type,id) values (?,?,?,?,?,default)
Hibernate: insert into consumable (date,medication_id,patient_id,quantity,total_cost,id) values (?,?,?,?,?,default)
Hibernate: insert into consumable (date,medication_id,patient_id,quantity,total_cost,id) values (?,?,?,?,?,default)
Hibernate: insert into consumable (date,medication_id,patient_id,quantity,total_cost,id) values (?,?,?,?,?,default)
Hibernate: insert into consumable (date,medication_id,patient_id,quantity,total_cost,id) values (?,?,?,?,?,default)
Hibernate: insert into consumable (date,medication_id,patient_id,quantity,total_cost,id) values (?,?,?,?,?,default)
Hibernate: insert into medical_act (cost,date,patient_id,practitioner,type,id) values (?,?,?,?,?,default)
Hibernate: insert into medical_act (cost,date,patient_id,practitioner,type,id) values (?,?,?,?,?,default)
Hibernate: insert into consumable (date,medication_id,patient_id,quantity,total_cost,id) values (?,?,?,?,?,default)
Hibernate: insert into consumable (date,medication_id,patient_id,quantity,total_cost,id) values (?,?,?,?,?,default)
Hibernate: insert into consumable (date,medication_id,patient_id,quantity,total_cost,id) values (?,?,?,?,?,default)
Hibernate: insert into consumable (date,medication_id,patient_id,quantity,total_cost,id) values (?,?,?,?,?,default)
Hibernate: insert into consumable (date,medication_id,patient_id,quantity,total_cost,id) values (?,?,?,?,?,default)
Hibernate: insert into consumable (date,medication_id,patient_id,quantity,total_cost,id) values (?,?,?,?,?,default)
Hibernate: insert into consumable (date,medication_id,patient_id,quantity,total_cost,id) values (?,?,?,?,?,default)
Hibernate: insert into consumable (date,medication_id,patient_id,quantity,total_cost,id) values (?,?,?,?,?,default)
Hibernate: insert into consumable (date,medication_id,patient_id,quantity,total_cost,id) values (?,?,?,?,?,default)
Hibernate: insert into medical_act (cost,date,patient_id,practitioner,type,id) values (?,?,?,?,?,default)
Hibernate: insert into consumable (date,medication_id,patient_id,quantity,total_cost,id) values (?,?,?,?,?,default)
Hibernate: insert into consumable (date,medication_id,patient_id,quantity,total_cost,id) values (?,?,?,?,?,default)
Hibernate: insert into consumable (date,medication_id,patient_id,quantity,total_cost,id) values (?,?,?,?,?,default)
Hibernate: insert into medical_act (cost,date,patient_id,practitioner,type,id) values (?,?,?,?,?,default)
Hibernate: insert into consumable (date,medication_id,patient_id,quantity,total_cost,id) values (?,?,?,?,?,default)
Hibernate: insert into consumable (date,medication_id,patient_id,quantity,total_cost,id) values (?,?,?,?,?,default)
Hibernate: insert into consumable (date,medication_id,patient_id,quantity,total_cost,id) values (?,?,?,?,?,default)
Hibernate: insert into consumable (date,medication_id,patient_id,quantity,total_cost,id) values (?,?,?,?,?,default)
Hibernate: insert into consumable (date,medication_id,patient_id,quantity,total_cost,id) values (?,?,?,?,?,default)
Hibernate: insert into hospital_stay (daily_rate,end_date,pathology,patient_id,start_date,id) values (?,?,?,?,?,default)
Hibernate: insert into consumable (date,medication_id,patient_id,quantity,total_cost,id) values (?,?,?,?,?,default)
Hibernate: insert into medical_act (cost,date,patient_id,practitioner,type,id) values (?,?,?,?,?,default)
Hibernate: insert into consumable (date,medication_id,patient_id,quantity,total_cost,id) values (?,?,?,?,?,default)
Hibernate: insert into consumable (date,medication_id,patient_id,quantity,total_cost,id) values (?,?,?,?,?,default)
Hibernate: insert into consumable (date,medication_id,patient_id,quantity,total_cost,id) values (?,?,?,?,?,default)
Hibernate: insert into consumable (date,medication_id,patient_id,quantity,total_cost,id) values (?,?,?,?,?,default)
Hibernate: insert into consumable (date,medication_id,patient_id,quantity,total_cost,id) values (?,?,?,?,?,default)
Hibernate: insert into consumable (date,medication_id,patient_id,quantity,total_cost,id) values (?,?,?,?,?,default)
Hibernate: insert into consumable (date,medication_id,patient_id,quantity,total_cost,id) values (?,?,?,?,?,default)
Hibernate: insert into hospital_stay (daily_rate,end_date,pathology,patient_id,start_date,id) values (?,?,?,?,?,default)
Hibernate: insert into medical_act (cost,date,patient_id,practitioner,type,id) values (?,?,?,?,?,default)
Hibernate: insert into medical_act (cost,date,patient_id,practitioner,type,id) values (?,?,?,?,?,default)
Hibernate: insert into consumable (date,medication_id,patient_id,quantity,total_cost,id) values (?,?,?,?,?,default)
Hibernate: insert into consumable (date,medication_id,patient_id,quantity,total_cost,id) values (?,?,?,?,?,default)
Hibernate: insert into consumable (date,medication_id,patient_id,quantity,total_cost,id) values (?,?,?,?,?,default)
Hibernate: insert into consumable (date,medication_id,patient_id,quantity,total_cost,id) values (?,?,?,?,?,default)
Hibernate: insert into medical_act (cost,date,patient_id,practitioner,type,id) values (?,?,?,?,?,default)
Hibernate: insert into consumable (date,medication_id,patient_id,quantity,total_cost,id) values (?,?,?,?,?,default)
Hibernate: insert into medical_act (cost,date,patient_id,practitioner,type,id) values (?,?,?,?,?,default)
Hibernate: insert into medical_act (cost,date,patient_id,practitioner,type,id) values (?,?,?,?,?,default)
Hibernate: insert into consumable (date,medication_id,patient_id,quantity,total_cost,id) values (?,?,?,?,?,default)
Hibernate: insert into consumable (date,medication_id,patient_id,quantity,total_cost,id) values (?,?,?,?,?,default)
Hibernate: insert into hospital_stay (daily_rate,end_date,pathology,patient_id,start_date,id) values (?,?,?,?,?,default)
Hibernate: insert into consumable (date,medication_id,patient_id,quantity,total_cost,id) values (?,?,?,?,?,default)
Hibernate: insert into consumable (date,medication_id,patient_id,quantity,total_cost,id) values (?,?,?,?,?,default)
Hibernate: insert into consumable (date,medication_id,patient_id,quantity,total_cost,id) values (?,?,?,?,?,default)
Hibernate: insert into medical_act (cost,date,patient_id,practitioner,type,id) values (?,?,?,?,?,default)
Hibernate: insert into consumable (date,medication_id,patient_id,quantity,total_cost,id) values (?,?,?,?,?,default)
Hibernate: insert into consumable (date,medication_id,patient_id,quantity,total_cost,id) values (?,?,?,?,?,default)
Hibernate: insert into consumable (date,medication_id,patient_id,quantity,total_cost,id) values (?,?,?,?,?,default)
Hibernate: insert into consumable (date,medication_id,patient_id,quantity,total_cost,id) values (?,?,?,?,?,default)
Hibernate: insert into consumable (date,medication_id,patient_id,quantity,total_cost,id) values (?,?,?,?,?,default)
Hibernate: insert into consumable (date,medication_id,patient_id,quantity,total_cost,id) values (?,?,?,?,?,default)
Hibernate: insert into consumable (date,medication_id,patient_id,quantity,total_cost,id) values (?,?,?,?,?,default)
Hibernate: insert into hospital_stay (daily_rate,end_date,pathology,patient_id,start_date,id) values (?,?,?,?,?,default)
Hibernate: insert into medical_act (cost,date,patient_id,practitioner,type,id) values (?,?,?,?,?,default)
Hibernate: insert into consumable (date,medication_id,patient_id,quantity,total_cost,id) values (?,?,?,?,?,default)
Hibernate: insert into consumable (date,medication_id,patient_id,quantity,total_cost,id) values (?,?,?,?,?,default)
Hibernate: insert into consumable (date,medication_id,patient_id,quantity,total_cost,id) values (?,?,?,?,?,default)
Hibernate: insert into consumable (date,medication_id,patient_id,quantity,total_cost,id) values (?,?,?,?,?,default)
Hibernate: insert into consumable (date,medication_id,patient_id,quantity,total_cost,id) values (?,?,?,?,?,default)
Hibernate: insert into consumable (date,medication_id,patient_id,quantity,total_cost,id) values (?,?,?,?,?,default)
Hibernate: insert into consumable (date,medication_id,patient_id,quantity,total_cost,id) values (?,?,?,?,?,default)
Hibernate: insert into medical_act (cost,date,patient_id,practitioner,type,id) values (?,?,?,?,?,default)
Hibernate: insert into consumable (date,medication_id,patient_id,quantity,total_cost,id) values (?,?,?,?,?,default)
Hibernate: insert into hospital_stay (daily_rate,end_date,pathology,patient_id,start_date,id) values (?,?,?,?,?,default)
Hibernate: insert into medical_act (cost,date,patient_id,practitioner,type,id) values (?,?,?,?,?,default)
Hibernate: insert into medical_act (cost,date,patient_id,practitioner,type,id) values (?,?,?,?,?,default)
Hibernate: insert into consumable (date,medication_id,patient_id,quantity,total_cost,id) values (?,?,?,?,?,default)
Hibernate: insert into consumable (date,medication_id,patient_id,quantity,total_cost,id) values (?,?,?,?,?,default)
Hibernate: insert into hospital_stay (daily_rate,end_date,pathology,patient_id,start_date,id) values (?,?,?,?,?,default)
Hibernate: insert into medical_act (cost,date,patient_id,practitioner,type,id) values (?,?,?,?,?,default)
Hibernate: insert into consumable (date,medication_id,patient_id,quantity,total_cost,id) values (?,?,?,?,?,default)
Hibernate: insert into consumable (date,medication_id,patient_id,quantity,total_cost,id) values (?,?,?,?,?,default)
Hibernate: insert into consumable (date,medication_id,patient_id,quantity,total_cost,id) values (?,?,?,?,?,default)
Hibernate: insert into consumable (date,medication_id,patient_id,quantity,total_cost,id) values (?,?,?,?,?,default)
Hibernate: insert into consumable (date,medication_id,patient_id,quantity,total_cost,id) values (?,?,?,?,?,default)
Hibernate: insert into medical_act (cost,date,patient_id,practitioner,type,id) values (?,?,?,?,?,default)
Hibernate: insert into medical_act (cost,date,patient_id,practitioner,type,id) values (?,?,?,?,?,default)
Hibernate: insert into consumable (date,medication_id,patient_id,quantity,total_cost,id) values (?,?,?,?,?,default)
Hibernate: insert into hospital_stay (daily_rate,end_date,pathology,patient_id,start_date,id) values (?,?,?,?,?,default)
Hibernate: insert into consumable (date,medication_id,patient_id,quantity,total_cost,id) values (?,?,?,?,?,default)
Hibernate: insert into consumable (date,medication_id,patient_id,quantity,total_cost,id) values (?,?,?,?,?,default)
Hibernate: insert into consumable (date,medication_id,patient_id,quantity,total_cost,id) values (?,?,?,?,?,default)
Hibernate: insert into consumable (date,medication_id,patient_id,quantity,total_cost,id) values (?,?,?,?,?,default)
Hibernate: insert into medical_act (cost,date,patient_id,practitioner,type,id) values (?,?,?,?,?,default)
Hibernate: insert into medical_act (cost,date,patient_id,practitioner,type,id) values (?,?,?,?,?,default)
Hibernate: insert into consumable (date,medication_id,patient_id,quantity,total_cost,id) values (?,?,?,?,?,default)
Hibernate: insert into consumable (date,medication_id,patient_id,quantity,total_cost,id) values (?,?,?,?,?,default)
Hibernate: insert into consumable (date,medication_id,patient_id,quantity,total_cost,id) values (?,?,?,?,?,default)
Hibernate: insert into consumable (date,medication_id,patient_id,quantity,total_cost,id) values (?,?,?,?,?,default)
Hibernate: insert into consumable (date,medication_id,patient_id,quantity,total_cost,id) values (?,?,?,?,?,default)
Hibernate: insert into medical_act (cost,date,patient_id,practitioner,type,id) values (?,?,?,?,?,default)
Hibernate: insert into consumable (date,medication_id,patient_id,quantity,total_cost,id) values (?,?,?,?,?,default)
Hibernate: insert into consumable (date,medication_id,patient_id,quantity,total_cost,id) values (?,?,?,?,?,default)
Hibernate: insert into consumable (date,medication_id,patient_id,quantity,total_cost,id) values (?,?,?,?,?,default)
Hibernate: insert into consumable (date,medication_id,patient_id,quantity,total_cost,id) values (?,?,?,?,?,default)
Hibernate: insert into hospital_stay (daily_rate,end_date,pathology,patient_id,start_date,id) values (?,?,?,?,?,default)
Hibernate: insert into consumable (date,medication_id,patient_id,quantity,total_cost,id) values (?,?,?,?,?,default)
Hibernate: insert into consumable (date,medication_id,patient_id,quantity,total_cost,id) values (?,?,?,?,?,default)
Hibernate: insert into consumable (date,medication_id,patient_id,quantity,total_cost,id) values (?,?,?,?,?,default)
Hibernate: insert into consumable (date,medication_id,patient_id,quantity,total_cost,id) values (?,?,?,?,?,default)
Hibernate: insert into consumable (date,medication_id,patient_id,quantity,total_cost,id) values (?,?,?,?,?,default)
Hibernate: insert into consumable (date,medication_id,patient_id,quantity,total_cost,id) values (?,?,?,?,?,default)
Hibernate: insert into consumable (date,medication_id,patient_id,quantity,total_cost,id) values (?,?,?,?,?,default)
Hibernate: insert into hospital_stay (daily_rate,end_date,pathology,patient_id,start_date,id) values (?,?,?,?,?,default)
Hibernate: insert into consumable (date,medication_id,patient_id,quantity,total_cost,id) values (?,?,?,?,?,default)
Hibernate: insert into medical_act (cost,date,patient_id,practitioner,type,id) values (?,?,?,?,?,default)
Hibernate: insert into consumable (date,medication_id,patient_id,quantity,total_cost,id) values (?,?,?,?,?,default)
Hibernate: insert into consumable (date,medication_id,patient_id,quantity,total_cost,id) values (?,?,?,?,?,default)
Hibernate: insert into medical_act (cost,date,patient_id,practitioner,type,id) values (?,?,?,?,?,default)
Hibernate: insert into consumable (date,medication_id,patient_id,quantity,total_cost,id) values (?,?,?,?,?,default)
Hibernate: insert into consumable (date,medication_id,patient_id,quantity,total_cost,id) values (?,?,?,?,?,default)
Hibernate: insert into consumable (date,medication_id,patient_id,quantity,total_cost,id) values (?,?,?,?,?,default)
Hibernate: insert into hospital_stay (daily_rate,end_date,pathology,patient_id,start_date,id) values (?,?,?,?,?,default)
Hibernate: insert into medical_act (cost,date,patient_id,practitioner,type,id) values (?,?,?,?,?,default)
Hibernate: insert into consumable (date,medication_id,patient_id,quantity,total_cost,id) values (?,?,?,?,?,default)
Hibernate: insert into consumable (date,medication_id,patient_id,quantity,total_cost,id) values (?,?,?,?,?,default)
Hibernate: insert into consumable (date,medication_id,patient_id,quantity,total_cost,id) values (?,?,?,?,?,default)
Hibernate: insert into hospital_stay (daily_rate,end_date,pathology,patient_id,start_date,id) values (?,?,?,?,?,default)
Hibernate: insert into consumable (date,medication_id,patient_id,quantity,total_cost,id) values (?,?,?,?,?,default)
Hibernate: insert into consumable (date,medication_id,patient_id,quantity,total_cost,id) values (?,?,?,?,?,default)
Hibernate: insert into consumable (date,medication_id,patient_id,quantity,total_cost,id) values (?,?,?,?,?,default)
Hibernate: insert into medical_act (cost,date,patient_id,practitioner,type,id) values (?,?,?,?,?,default)
Hibernate: insert into consumable (date,medication_id,patient_id,quantity,total_cost,id) values (?,?,?,?,?,default)
Hibernate: insert into consumable (date,medication_id,patient_id,quantity,total_cost,id) values (?,?,?,?,?,default)
Hibernate: insert into consumable (date,medication_id,patient_id,quantity,total_cost,id) values (?,?,?,?,?,default)
Hibernate: insert into consumable (date,medication_id,patient_id,quantity,total_cost,id) values (?,?,?,?,?,default)
Hibernate: insert into consumable (date,medication_id,patient_id,quantity,total_cost,id) values (?,?,?,?,?,default)
Hibernate: insert into medical_act (cost,date,patient_id,practitioner,type,id) values (?,?,?,?,?,default)
Hibernate: insert into consumable (date,medication_id,patient_id,quantity,total_cost,id) values (?,?,?,?,?,default)
Hibernate: insert into consumable (date,medication_id,patient_id,quantity,total_cost,id) values (?,?,?,?,?,default)
Hibernate: insert into consumable (date,medication_id,patient_id,quantity,total_cost,id) values (?,?,?,?,?,default)
Hibernate: insert into consumable (date,medication_id,patient_id,quantity,total_cost,id) values (?,?,?,?,?,default)
Hibernate: insert into consumable (date,medication_id,patient_id,quantity,total_cost,id) values (?,?,?,?,?,default)
Hibernate: insert into consumable (date,medication_id,patient_id,quantity,total_cost,id) values (?,?,?,?,?,default)
Hibernate: insert into consumable (date,medication_id,patient_id,quantity,total_cost,id) values (?,?,?,?,?,default)
Hibernate: insert into hospital_stay (daily_rate,end_date,pathology,patient_id,start_date,id) values (?,?,?,?,?,default)
Hibernate: insert into consumable (date,medication_id,patient_id,quantity,total_cost,id) values (?,?,?,?,?,default)
Hibernate: insert into consumable (date,medication_id,patient_id,quantity,total_cost,id) values (?,?,?,?,?,default)
Hibernate: insert into consumable (date,medication_id,patient_id,quantity,total_cost,id) values (?,?,?,?,?,default)
Hibernate: insert into consumable (date,medication_id,patient_id,quantity,total_cost,id) values (?,?,?,?,?,default)
Hibernate: insert into hospital_stay (daily_rate,end_date,pathology,patient_id,start_date,id) values (?,?,?,?,?,default)
Hibernate: insert into consumable (date,medication_id,patient_id,quantity,total_cost,id) values (?,?,?,?,?,default)
Hibernate: insert into consumable (date,medication_id,patient_id,quantity,total_cost,id) values (?,?,?,?,?,default)
Hibernate: insert into hospital_stay (daily_rate,end_date,pathology,patient_id,start_date,id) values (?,?,?,?,?,default)
Hibernate: insert into medical_act (cost,date,patient_id,practitioner,type,id) values (?,?,?,?,?,default)
Hibernate: insert into consumable (date,medication_id,patient_id,quantity,total_cost,id) values (?,?,?,?,?,default)
Hibernate: insert into consumable (date,medication_id,patient_id,quantity,total_cost,id) values (?,?,?,?,?,default)
Hibernate: insert into consumable (date,medication_id,patient_id,quantity,total_cost,id) values (?,?,?,?,?,default)
Hibernate: insert into consumable (date,medication_id,patient_id,quantity,total_cost,id) values (?,?,?,?,?,default)
Hibernate: insert into consumable (date,medication_id,patient_id,quantity,total_cost,id) values (?,?,?,?,?,default)
Hibernate: insert into consumable (date,medication_id,patient_id,quantity,total_cost,id) values (?,?,?,?,?,default)
Hibernate: insert into consumable (date,medication_id,patient_id,quantity,total_cost,id) values (?,?,?,?,?,default)
Hibernate: insert into consumable (date,medication_id,patient_id,quantity,total_cost,id) values (?,?,?,?,?,default)
Hibernate: insert into consumable (date,medication_id,patient_id,quantity,total_cost,id) values (?,?,?,?,?,default)
Hibernate: insert into consumable (date,medication_id,patient_id,quantity,total_cost,id) values (?,?,?,?,?,default)
Hibernate: insert into medical_act (cost,date,patient_id,practitioner,type,id) values (?,?,?,?,?,default)
Hibernate: insert into consumable (date,medication_id,patient_id,quantity,total_cost,id) values (?,?,?,?,?,default)
Hibernate: insert into medical_act (cost,date,patient_id,practitioner,type,id) values (?,?,?,?,?,default)
Hibernate: insert into consumable (date,medication_id,patient_id,quantity,total_cost,id) values (?,?,?,?,?,default)
Hibernate: insert into consumable (date,medication_id,patient_id,quantity,total_cost,id) values (?,?,?,?,?,default)
Hibernate: insert into consumable (date,medication_id,patient_id,quantity,total_cost,id) values (?,?,?,?,?,default)
Hibernate: insert into medical_act (cost,date,patient_id,practitioner,type,id) values (?,?,?,?,?,default)
Hibernate: insert into medical_act (cost,date,patient_id,practitioner,type,id) values (?,?,?,?,?,default)
Hibernate: insert into consumable (date,medication_id,patient_id,quantity,total_cost,id) values (?,?,?,?,?,default)
Hibernate: insert into consumable (date,medication_id,patient_id,quantity,total_cost,id) values (?,?,?,?,?,default)
Hibernate: insert into medical_act (cost,date,patient_id,practitioner,type,id) values (?,?,?,?,?,default)
Hibernate: insert into consumable (date,medication_id,patient_id,quantity,total_cost,id) values (?,?,?,?,?,default)
Hibernate: insert into consumable (date,medication_id,patient_id,quantity,total_cost,id) values (?,?,?,?,?,default)
Hibernate: insert into medical_act (cost,date,patient_id,practitioner,type,id) values (?,?,?,?,?,default)
Hibernate: insert into consumable (date,medication_id,patient_id,quantity,total_cost,id) values (?,?,?,?,?,default)
Hibernate: insert into consumable (date,medication_id,patient_id,quantity,total_cost,id) values (?,?,?,?,?,default)
Hibernate: insert into consumable (date,medication_id,patient_id,quantity,total_cost,id) values (?,?,?,?,?,default)
Hibernate: insert into consumable (date,medication_id,patient_id,quantity,total_cost,id) values (?,?,?,?,?,default)
Hibernate: insert into consumable (date,medication_id,patient_id,quantity,total_cost,id) values (?,?,?,?,?,default)
Hibernate: insert into consumable (date,medication_id,patient_id,quantity,total_cost,id) values (?,?,?,?,?,default)
Hibernate: insert into consumable (date,medication_id,patient_id,quantity,total_cost,id) values (?,?,?,?,?,default)
Hibernate: insert into consumable (date,medication_id,patient_id,quantity,total_cost,id) values (?,?,?,?,?,default)
Hibernate: insert into consumable (date,medication_id,patient_id,quantity,total_cost,id) values (?,?,?,?,?,default)
Hibernate: insert into consumable (date,medication_id,patient_id,quantity,total_cost,id) values (?,?,?,?,?,default)
Hibernate: insert into medical_act (cost,date,patient_id,practitioner,type,id) values (?,?,?,?,?,default)
Hibernate: insert into consumable (date,medication_id,patient_id,quantity,total_cost,id) values (?,?,?,?,?,default)
Hibernate: insert into consumable (date,medication_id,patient_id,quantity,total_cost,id) values (?,?,?,?,?,default)
Hibernate: insert into consumable (date,medication_id,patient_id,quantity,total_cost,id) values (?,?,?,?,?,default)
Hibernate: insert into consumable (date,medication_id,patient_id,quantity,total_cost,id) values (?,?,?,?,?,default)
Hibernate: insert into consumable (date,medication_id,patient_id,quantity,total_cost,id) values (?,?,?,?,?,default)
Hibernate: insert into hospital_stay (daily_rate,end_date,pathology,patient_id,start_date,id) values (?,?,?,?,?,default)
Hibernate: insert into medical_act (cost,date,patient_id,practitioner,type,id) values (?,?,?,?,?,default)
Hibernate: insert into consumable (date,medication_id,patient_id,quantity,total_cost,id) values (?,?,?,?,?,default)
Hibernate: insert into consumable (date,medication_id,patient_id,quantity,total_cost,id) values (?,?,?,?,?,default)
Hibernate: insert into consumable (date,medication_id,patient_id,quantity,total_cost,id) values (?,?,?,?,?,default)
Hibernate: insert into consumable (date,medication_id,patient_id,quantity,total_cost,id) values (?,?,?,?,?,default)
Hibernate: insert into medical_act (cost,date,patient_id,practitioner,type,id) values (?,?,?,?,?,default)
Hibernate: insert into medical_act (cost,date,patient_id,practitioner,type,id) values (?,?,?,?,?,default)
Hibernate: insert into consumable (date,medication_id,patient_id,quantity,total_cost,id) values (?,?,?,?,?,default)
Hibernate: insert into consumable (date,medication_id,patient_id,quantity,total_cost,id) values (?,?,?,?,?,default)
Hibernate: insert into consumable (date,medication_id,patient_id,quantity,total_cost,id) values (?,?,?,?,?,default)
Hibernate: insert into medical_act (cost,date,patient_id,practitioner,type,id) values (?,?,?,?,?,default)
Hibernate: insert into consumable (date,medication_id,patient_id,quantity,total_cost,id) values (?,?,?,?,?,default)
Hibernate: insert into hospital_stay (daily_rate,end_date,pathology,patient_id,start_date,id) values (?,?,?,?,?,default)
Hibernate: insert into medical_act (cost,date,patient_id,practitioner,type,id) values (?,?,?,?,?,default)
Hibernate: insert into consumable (date,medication_id,patient_id,quantity,total_cost,id) values (?,?,?,?,?,default)
Hibernate: insert into medical_act (cost,date,patient_id,practitioner,type,id) values (?,?,?,?,?,default)
Hibernate: insert into consumable (date,medication_id,patient_id,quantity,total_cost,id) values (?,?,?,?,?,default)
Hibernate: insert into consumable (date,medication_id,patient_id,quantity,total_cost,id) values (?,?,?,?,?,default)
Hibernate: insert into consumable (date,medication_id,patient_id,quantity,total_cost,id) values (?,?,?,?,?,default)
Hibernate: insert into consumable (date,medication_id,patient_id,quantity,total_cost,id) values (?,?,?,?,?,default)
Hibernate: insert into consumable (date,medication_id,patient_id,quantity,total_cost,id) values (?,?,?,?,?,default)
Hibernate: insert into hospital_stay (daily_rate,end_date,pathology,patient_id,start_date,id) values (?,?,?,?,?,default)
Hibernate: insert into medical_act (cost,date,patient_id,practitioner,type,id) values (?,?,?,?,?,default)
Hibernate: insert into medical_act (cost,date,patient_id,practitioner,type,id) values (?,?,?,?,?,default)
Hibernate: insert into medical_act (cost,date,patient_id,practitioner,type,id) values (?,?,?,?,?,default)
Hibernate: insert into consumable (date,medication_id,patient_id,quantity,total_cost,id) values (?,?,?,?,?,default)
Hibernate: insert into consumable (date,medication_id,patient_id,quantity,total_cost,id) values (?,?,?,?,?,default)
Hibernate: insert into consumable (date,medication_id,patient_id,quantity,total_cost,id) values (?,?,?,?,?,default)
Hibernate: insert into hospital_stay (daily_rate,end_date,pathology,patient_id,start_date,id) values (?,?,?,?,?,default)
Hibernate: insert into medical_act (cost,date,patient_id,practitioner,type,id) values (?,?,?,?,?,default)
Hibernate: insert into consumable (date,medication_id,patient_id,quantity,total_cost,id) values (?,?,?,?,?,default)
Hibernate: insert into consumable (date,medication_id,patient_id,quantity,total_cost,id) values (?,?,?,?,?,default)
Hibernate: insert into consumable (date,medication_id,patient_id,quantity,total_cost,id) values (?,?,?,?,?,default)
Hibernate: insert into consumable (date,medication_id,patient_id,quantity,total_cost,id) values (?,?,?,?,?,default)
Hibernate: insert into consumable (date,medication_id,patient_id,quantity,total_cost,id) values (?,?,?,?,?,default)
Hibernate: insert into medical_act (cost,date,patient_id,practitioner,type,id) values (?,?,?,?,?,default)
Hibernate: insert into consumable (date,medication_id,patient_id,quantity,total_cost,id) values (?,?,?,?,?,default)
Hibernate: insert into consumable (date,medication_id,patient_id,quantity,total_cost,id) values (?,?,?,?,?,default)
Hibernate: insert into hospital_stay (daily_rate,end_date,pathology,patient_id,start_date,id) values (?,?,?,?,?,default)
Hibernate: insert into medical_act (cost,date,patient_id,practitioner,type,id) values (?,?,?,?,?,default)
Hibernate: insert into consumable (date,medication_id,patient_id,quantity,total_cost,id) values (?,?,?,?,?,default)
Hibernate: insert into medical_act (cost,date,patient_id,practitioner,type,id) values (?,?,?,?,?,default)
Hibernate: insert into consumable (date,medication_id,patient_id,quantity,total_cost,id) values (?,?,?,?,?,default)
Hibernate: insert into medical_act (cost,date,patient_id,practitioner,type,id) values (?,?,?,?,?,default)
Hibernate: insert into medical_act (cost,date,patient_id,practitioner,type,id) values (?,?,?,?,?,default)
Hibernate: insert into medical_act (cost,date,patient_id,practitioner,type,id) values (?,?,?,?,?,default)
Hibernate: insert into consumable (date,medication_id,patient_id,quantity,total_cost,id) values (?,?,?,?,?,default)
Hibernate: insert into consumable (date,medication_id,patient_id,quantity,total_cost,id) values (?,?,?,?,?,default)
Hibernate: insert into consumable (date,medication_id,patient_id,quantity,total_cost,id) values (?,?,?,?,?,default)
Hibernate: insert into consumable (date,medication_id,patient_id,quantity,total_cost,id) values (?,?,?,?,?,default)
Hibernate: insert into consumable (date,medication_id,patient_id,quantity,total_cost,id) values (?,?,?,?,?,default)
Hibernate: insert into hospital_stay (daily_rate,end_date,pathology,patient_id,start_date,id) values (?,?,?,?,?,default)
Hibernate: insert into medical_act (cost,date,patient_id,practitioner,type,id) values (?,?,?,?,?,default)
Hibernate: insert into consumable (date,medication_id,patient_id,quantity,total_cost,id) values (?,?,?,?,?,default)
Hibernate: insert into consumable (date,medication_id,patient_id,quantity,total_cost,id) values (?,?,?,?,?,default)
Hibernate: insert into consumable (date,medication_id,patient_id,quantity,total_cost,id) values (?,?,?,?,?,default)
Hibernate: insert into consumable (date,medication_id,patient_id,quantity,total_cost,id) values (?,?,?,?,?,default)
Hibernate: insert into medical_act (cost,date,patient_id,practitioner,type,id) values (?,?,?,?,?,default)
Hibernate: insert into medical_act (cost,date,patient_id,practitioner,type,id) values (?,?,?,?,?,default)
Hibernate: insert into medical_act (cost,date,patient_id,practitioner,type,id) values (?,?,?,?,?,default)
Hibernate: insert into consumable (date,medication_id,patient_id,quantity,total_cost,id) values (?,?,?,?,?,default)
Hibernate: insert into consumable (date,medication_id,patient_id,quantity,total_cost,id) values (?,?,?,?,?,default)
Hibernate: insert into consumable (date,medication_id,patient_id,quantity,total_cost,id) values (?,?,?,?,?,default)
Hibernate: insert into consumable (date,medication_id,patient_id,quantity,total_cost,id) values (?,?,?,?,?,default)
Hibernate: insert into consumable (date,medication_id,patient_id,quantity,total_cost,id) values (?,?,?,?,?,default)
Hibernate: insert into medical_act (cost,date,patient_id,practitioner,type,id) values (?,?,?,?,?,default)
Hibernate: insert into consumable (date,medication_id,patient_id,quantity,total_cost,id) values (?,?,?,?,?,default)
Hibernate: insert into consumable (date,medication_id,patient_id,quantity,total_cost,id) values (?,?,?,?,?,default)
Hibernate: insert into consumable (date,medication_id,patient_id,quantity,total_cost,id) values (?,?,?,?,?,default)
Hibernate: insert into consumable (date,medication_id,patient_id,quantity,total_cost,id) values (?,?,?,?,?,default)
Hibernate: insert into consumable (date,medication_id,patient_id,quantity,total_cost,id) values (?,?,?,?,?,default)
Hibernate: insert into consumable (date,medication_id,patient_id,quantity,total_cost,id) values (?,?,?,?,?,default)
Hibernate: insert into consumable (date,medication_id,patient_id,quantity,total_cost,id) values (?,?,?,?,?,default)
Hibernate: insert into consumable (date,medication_id,patient_id,quantity,total_cost,id) values (?,?,?,?,?,default)
Hibernate: insert into consumable (date,medication_id,patient_id,quantity,total_cost,id) values (?,?,?,?,?,default)
Hibernate: insert into consumable (date,medication_id,patient_id,quantity,total_cost,id) values (?,?,?,?,?,default)
Hibernate: insert into consumable (date,medication_id,patient_id,quantity,total_cost,id) values (?,?,?,?,?,default)
Hibernate: insert into consumable (date,medication_id,patient_id,quantity,total_cost,id) values (?,?,?,?,?,default)
Hibernate: insert into hospital_stay (daily_rate,end_date,pathology,patient_id,start_date,id) values (?,?,?,?,?,default)
Hibernate: insert into consumable (date,medication_id,patient_id,quantity,total_cost,id) values (?,?,?,?,?,default)
Hibernate: insert into consumable (date,medication_id,patient_id,quantity,total_cost,id) values (?,?,?,?,?,default)
Hibernate: insert into consumable (date,medication_id,patient_id,quantity,total_cost,id) values (?,?,?,?,?,default)
Hibernate: insert into consumable (date,medication_id,patient_id,quantity,total_cost,id) values (?,?,?,?,?,default)
Hibernate: insert into consumable (date,medication_id,patient_id,quantity,total_cost,id) values (?,?,?,?,?,default)
Hibernate: insert into consumable (date,medication_id,patient_id,quantity,total_cost,id) values (?,?,?,?,?,default)
Hibernate: insert into consumable (date,medication_id,patient_id,quantity,total_cost,id) values (?,?,?,?,?,default)
Hibernate: insert into consumable (date,medication_id,patient_id,quantity,total_cost,id) values (?,?,?,?,?,default)
Hibernate: insert into consumable (date,medication_id,patient_id,quantity,total_cost,id) values (?,?,?,?,?,default)
Hibernate: insert into hospital_stay (daily_rate,end_date,pathology,patient_id,start_date,id) values (?,?,?,?,?,default)
Hibernate: insert into medical_act (cost,date,patient_id,practitioner,type,id) values (?,?,?,?,?,default)
Hibernate: insert into consumable (date,medication_id,patient_id,quantity,total_cost,id) values (?,?,?,?,?,default)
Hibernate: insert into medical_act (cost,date,patient_id,practitioner,type,id) values (?,?,?,?,?,default)
Hibernate: insert into consumable (date,medication_id,patient_id,quantity,total_cost,id) values (?,?,?,?,?,default)
Hibernate: insert into consumable (date,medication_id,patient_id,quantity,total_cost,id) values (?,?,?,?,?,default)
Hibernate: insert into consumable (date,medication_id,patient_id,quantity,total_cost,id) values (?,?,?,?,?,default)
Hibernate: insert into consumable (date,medication_id,patient_id,quantity,total_cost,id) values (?,?,?,?,?,default)
Hibernate: insert into consumable (date,medication_id,patient_id,quantity,total_cost,id) values (?,?,?,?,?,default)
Hibernate: insert into consumable (date,medication_id,patient_id,quantity,total_cost,id) values (?,?,?,?,?,default)
Hibernate: insert into consumable (date,medication_id,patient_id,quantity,total_cost,id) values (?,?,?,?,?,default)
Hibernate: insert into consumable (date,medication_id,patient_id,quantity,total_cost,id) values (?,?,?,?,?,default)
Hibernate: insert into consumable (date,medication_id,patient_id,quantity,total_cost,id) values (?,?,?,?,?,default)
Hibernate: insert into consumable (date,medication_id,patient_id,quantity,total_cost,id) values (?,?,?,?,?,default)
Hibernate: insert into medical_act (cost,date,patient_id,practitioner,type,id) values (?,?,?,?,?,default)
Hibernate: insert into consumable (date,medication_id,patient_id,quantity,total_cost,id) values (?,?,?,?,?,default)
Hibernate: insert into consumable (date,medication_id,patient_id,quantity,total_cost,id) values (?,?,?,?,?,default)
Hibernate: insert into consumable (date,medication_id,patient_id,quantity,total_cost,id) values (?,?,?,?,?,default)
Hibernate: insert into medical_act (cost,date,patient_id,practitioner,type,id) values (?,?,?,?,?,default)
Hibernate: insert into consumable (date,medication_id,patient_id,quantity,total_cost,id) values (?,?,?,?,?,default)
Hibernate: insert into hospital_stay (daily_rate,end_date,pathology,patient_id,start_date,id) values (?,?,?,?,?,default)
Hibernate: insert into consumable (date,medication_id,patient_id,quantity,total_cost,id) values (?,?,?,?,?,default)
Hibernate: insert into medical_act (cost,date,patient_id,practitioner,type,id) values (?,?,?,?,?,default)
Hibernate: insert into consumable (date,medication_id,patient_id,quantity,total_cost,id) values (?,?,?,?,?,default)
Hibernate: insert into hospital_stay (daily_rate,end_date,pathology,patient_id,start_date,id) values (?,?,?,?,?,default)
Hibernate: insert into medical_act (cost,date,patient_id,practitioner,type,id) values (?,?,?,?,?,default)
Hibernate: insert into consumable (date,medication_id,patient_id,quantity,total_cost,id) values (?,?,?,?,?,default)
Hibernate: insert into consumable (date,medication_id,patient_id,quantity,total_cost,id) values (?,?,?,?,?,default)
Hibernate: insert into consumable (date,medication_id,patient_id,quantity,total_cost,id) values (?,?,?,?,?,default)
Hibernate: insert into hospital_stay (daily_rate,end_date,pathology,patient_id,start_date,id) values (?,?,?,?,?,default)
Hibernate: insert into medical_act (cost,date,patient_id,practitioner,type,id) values (?,?,?,?,?,default)
Hibernate: insert into consumable (date,medication_id,patient_id,quantity,total_cost,id) values (?,?,?,?,?,default)
Hibernate: insert into consumable (date,medication_id,patient_id,quantity,total_cost,id) values (?,?,?,?,?,default)
Hibernate: insert into consumable (date,medication_id,patient_id,quantity,total_cost,id) values (?,?,?,?,?,default)
Hibernate: insert into consumable (date,medication_id,patient_id,quantity,total_cost,id) values (?,?,?,?,?,default)
Hibernate: insert into consumable (date,medication_id,patient_id,quantity,total_cost,id) values (?,?,?,?,?,default)
Hibernate: insert into consumable (date,medication_id,patient_id,quantity,total_cost,id) values (?,?,?,?,?,default)
Hibernate: insert into consumable (date,medication_id,patient_id,quantity,total_cost,id) values (?,?,?,?,?,default)
Hibernate: insert into consumable (date,medication_id,patient_id,quantity,total_cost,id) values (?,?,?,?,?,default)
Hibernate: insert into hospital_stay (daily_rate,end_date,pathology,patient_id,start_date,id) values (?,?,?,?,?,default)
Hibernate: insert into medical_act (cost,date,patient_id,practitioner,type,id) values (?,?,?,?,?,default)
Hibernate: insert into medical_act (cost,date,patient_id,practitioner,type,id) values (?,?,?,?,?,default)
Hibernate: insert into medical_act (cost,date,patient_id,practitioner,type,id) values (?,?,?,?,?,default)
Hibernate: insert into consumable (date,medication_id,patient_id,quantity,total_cost,id) values (?,?,?,?,?,default)
Hibernate: insert into consumable (date,medication_id,patient_id,quantity,total_cost,id) values (?,?,?,?,?,default)
Hibernate: insert into consumable (date,medication_id,patient_id,quantity,total_cost,id) values (?,?,?,?,?,default)
Hibernate: insert into consumable (date,medication_id,patient_id,quantity,total_cost,id) values (?,?,?,?,?,default)
Hibernate: insert into hospital_stay (daily_rate,end_date,pathology,patient_id,start_date,id) values (?,?,?,?,?,default)
Hibernate: insert into medical_act (cost,date,patient_id,practitioner,type,id) values (?,?,?,?,?,default)
Hibernate: insert into consumable (date,medication_id,patient_id,quantity,total_cost,id) values (?,?,?,?,?,default)
Hibernate: insert into consumable (date,medication_id,patient_id,quantity,total_cost,id) values (?,?,?,?,?,default)
Hibernate: insert into consumable (date,medication_id,patient_id,quantity,total_cost,id) values (?,?,?,?,?,default)
Hibernate: insert into medical_act (cost,date,patient_id,practitioner,type,id) values (?,?,?,?,?,default)
Hibernate: insert into medical_act (cost,date,patient_id,practitioner,type,id) values (?,?,?,?,?,default)
Hibernate: insert into medical_act (cost,date,patient_id,practitioner,type,id) values (?,?,?,?,?,default)
Hibernate: insert into consumable (date,medication_id,patient_id,quantity,total_cost,id) values (?,?,?,?,?,default)
Hibernate: insert into consumable (date,medication_id,patient_id,quantity,total_cost,id) values (?,?,?,?,?,default)
Hibernate: insert into consumable (date,medication_id,patient_id,quantity,total_cost,id) values (?,?,?,?,?,default)
Hibernate: insert into medical_act (cost,date,patient_id,practitioner,type,id) values (?,?,?,?,?,default)
Hibernate: insert into consumable (date,medication_id,patient_id,quantity,total_cost,id) values (?,?,?,?,?,default)
Hibernate: insert into consumable (date,medication_id,patient_id,quantity,total_cost,id) values (?,?,?,?,?,default)
Hibernate: insert into consumable (date,medication_id,patient_id,quantity,total_cost,id) values (?,?,?,?,?,default)
Hibernate: insert into consumable (date,medication_id,patient_id,quantity,total_cost,id) values (?,?,?,?,?,default)
Hibernate: insert into consumable (date,medication_id,patient_id,quantity,total_cost,id) values (?,?,?,?,?,default)
Hibernate: insert into consumable (date,medication_id,patient_id,quantity,total_cost,id) values (?,?,?,?,?,default)
Hibernate: insert into medical_act (cost,date,patient_id,practitioner,type,id) values (?,?,?,?,?,default)
Hibernate: insert into consumable (date,medication_id,patient_id,quantity,total_cost,id) values (?,?,?,?,?,default)
Hibernate: insert into consumable (date,medication_id,patient_id,quantity,total_cost,id) values (?,?,?,?,?,default)
Hibernate: insert into consumable (date,medication_id,patient_id,quantity,total_cost,id) values (?,?,?,?,?,default)
Hibernate: insert into hospital_stay (daily_rate,end_date,pathology,patient_id,start_date,id) values (?,?,?,?,?,default)
Hibernate: insert into consumable (date,medication_id,patient_id,quantity,total_cost,id) values (?,?,?,?,?,default)
Hibernate: insert into consumable (date,medication_id,patient_id,quantity,total_cost,id) values (?,?,?,?,?,default)
Hibernate: insert into consumable (date,medication_id,patient_id,quantity,total_cost,id) values (?,?,?,?,?,default)
Hibernate: insert into consumable (date,medication_id,patient_id,quantity,total_cost,id) values (?,?,?,?,?,default)
Hibernate: insert into hospital_stay (daily_rate,end_date,pathology,patient_id,start_date,id) values (?,?,?,?,?,default)
Hibernate: insert into consumable (date,medication_id,patient_id,quantity,total_cost,id) values (?,?,?,?,?,default)
Hibernate: insert into consumable (date,medication_id,patient_id,quantity,total_cost,id) values (?,?,?,?,?,default)
Hibernate: insert into consumable (date,medication_id,patient_id,quantity,total_cost,id) values (?,?,?,?,?,default)
Hibernate: insert into consumable (date,medication_id,patient_id,quantity,total_cost,id) values (?,?,?,?,?,default)
Hibernate: insert into consumable (date,medication_id,patient_id,quantity,total_cost,id) values (?,?,?,?,?,default)
Hibernate: insert into medical_act (cost,date,patient_id,practitioner,type,id) values (?,?,?,?,?,default)
Hibernate: insert into consumable (date,medication_id,patient_id,quantity,total_cost,id) values (?,?,?,?,?,default)
Hibernate: insert into consumable (date,medication_id,patient_id,quantity,total_cost,id) values (?,?,?,?,?,default)
Hibernate: insert into consumable (date,medication_id,patient_id,quantity,total_cost,id) values (?,?,?,?,?,default)
Hibernate: insert into consumable (date,medication_id,patient_id,quantity,total_cost,id) values (?,?,?,?,?,default)
Hibernate: insert into consumable (date,medication_id,patient_id,quantity,total_cost,id) values (?,?,?,?,?,default)
Hibernate: insert into medical_act (cost,date,patient_id,practitioner,type,id) values (?,?,?,?,?,default)
Hibernate: insert into medical_act (cost,date,patient_id,practitioner,type,id) values (?,?,?,?,?,default)
Hibernate: insert into medical_act (cost,date,patient_id,practitioner,type,id) values (?,?,?,?,?,default)
Hibernate: insert into consumable (date,medication_id,patient_id,quantity,total_cost,id) values (?,?,?,?,?,default)
Hibernate: insert into consumable (date,medication_id,patient_id,quantity,total_cost,id) values (?,?,?,?,?,default)
Hibernate: insert into consumable (date,medication_id,patient_id,quantity,total_cost,id) values (?,?,?,?,?,default)
Hibernate: insert into consumable (date,medication_id,patient_id,quantity,total_cost,id) values (?,?,?,?,?,default)
Hibernate: insert into hospital_stay (daily_rate,end_date,pathology,patient_id,start_date,id) values (?,?,?,?,?,default)
Hibernate: insert into medical_act (cost,date,patient_id,practitioner,type,id) values (?,?,?,?,?,default)
Hibernate: insert into consumable (date,medication_id,patient_id,quantity,total_cost,id) values (?,?,?,?,?,default)
Hibernate: insert into consumable (date,medication_id,patient_id,quantity,total_cost,id) values (?,?,?,?,?,default)
Hibernate: insert into consumable (date,medication_id,patient_id,quantity,total_cost,id) values (?,?,?,?,?,default)
Hibernate: insert into consumable (date,medication_id,patient_id,quantity,total_cost,id) values (?,?,?,?,?,default)
Hibernate: insert into medical_act (cost,date,patient_id,practitioner,type,id) values (?,?,?,?,?,default)
Hibernate: insert into consumable (date,medication_id,patient_id,quantity,total_cost,id) values (?,?,?,?,?,default)
Hibernate: insert into consumable (date,medication_id,patient_id,quantity,total_cost,id) values (?,?,?,?,?,default)
Hibernate: insert into consumable (date,medication_id,patient_id,quantity,total_cost,id) values (?,?,?,?,?,default)
Hibernate: insert into consumable (date,medication_id,patient_id,quantity,total_cost,id) values (?,?,?,?,?,default)
Hibernate: insert into consumable (date,medication_id,patient_id,quantity,total_cost,id) values (?,?,?,?,?,default)
Hibernate: insert into medical_act (cost,date,patient_id,practitioner,type,id) values (?,?,?,?,?,default)
Hibernate: insert into medical_act (cost,date,patient_id,practitioner,type,id) values (?,?,?,?,?,default)
Hibernate: insert into medical_act (cost,date,patient_id,practitioner,type,id) values (?,?,?,?,?,default)
Hibernate: insert into consumable (date,medication_id,patient_id,quantity,total_cost,id) values (?,?,?,?,?,default)
Hibernate: insert into consumable (date,medication_id,patient_id,quantity,total_cost,id) values (?,?,?,?,?,default)
Hibernate: insert into consumable (date,medication_id,patient_id,quantity,total_cost,id) values (?,?,?,?,?,default)
Hibernate: insert into medical_act (cost,date,patient_id,practitioner,type,id) values (?,?,?,?,?,default)
Hibernate: insert into medical_act (cost,date,patient_id,practitioner,type,id) values (?,?,?,?,?,default)
Hibernate: insert into medical_act (cost,date,patient_id,practitioner,type,id) values (?,?,?,?,?,default)
Hibernate: insert into consumable (date,medication_id,patient_id,quantity,total_cost,id) values (?,?,?,?,?,default)
Hibernate: insert into consumable (date,medication_id,patient_id,quantity,total_cost,id) values (?,?,?,?,?,default)
Hibernate: insert into consumable (date,medication_id,patient_id,quantity,total_cost,id) values (?,?,?,?,?,default)
Hibernate: insert into hospital_stay (daily_rate,end_date,pathology,patient_id,start_date,id) values (?,?,?,?,?,default)
Hibernate: insert into consumable (date,medication_id,patient_id,quantity,total_cost,id) values (?,?,?,?,?,default)
Hibernate: insert into medical_act (cost,date,patient_id,practitioner,type,id) values (?,?,?,?,?,default)
Hibernate: insert into consumable (date,medication_id,patient_id,quantity,total_cost,id) values (?,?,?,?,?,default)
Hibernate: insert into consumable (date,medication_id,patient_id,quantity,total_cost,id) values (?,?,?,?,?,default)
Hibernate: insert into consumable (date,medication_id,patient_id,quantity,total_cost,id) values (?,?,?,?,?,default)
Hibernate: insert into hospital_stay (daily_rate,end_date,pathology,patient_id,start_date,id) values (?,?,?,?,?,default)
Hibernate: insert into medical_act (cost,date,patient_id,practitioner,type,id) values (?,?,?,?,?,default)
Hibernate: insert into consumable (date,medication_id,patient_id,quantity,total_cost,id) values (?,?,?,?,?,default)
Hibernate: insert into consumable (date,medication_id,patient_id,quantity,total_cost,id) values (?,?,?,?,?,default)
Hibernate: insert into consumable (date,medication_id,patient_id,quantity,total_cost,id) values (?,?,?,?,?,default)
Hibernate: insert into consumable (date,medication_id,patient_id,quantity,total_cost,id) values (?,?,?,?,?,default)
Hibernate: insert into hospital_stay (daily_rate,end_date,pathology,patient_id,start_date,id) values (?,?,?,?,?,default)
Hibernate: insert into consumable (date,medication_id,patient_id,quantity,total_cost,id) values (?,?,?,?,?,default)
Hibernate: insert into medical_act (cost,date,patient_id,practitioner,type,id) values (?,?,?,?,?,default)
Hibernate: insert into medical_act (cost,date,patient_id,practitioner,type,id) values (?,?,?,?,?,default)
Hibernate: insert into medical_act (cost,date,patient_id,practitioner,type,id) values (?,?,?,?,?,default)
Hibernate: insert into consumable (date,medication_id,patient_id,quantity,total_cost,id) values (?,?,?,?,?,default)
Hibernate: insert into consumable (date,medication_id,patient_id,quantity,total_cost,id) values (?,?,?,?,?,default)
Hibernate: insert into hospital_stay (daily_rate,end_date,pathology,patient_id,start_date,id) values (?,?,?,?,?,default)
Hibernate: insert into medical_act (cost,date,patient_id,practitioner,type,id) values (?,?,?,?,?,default)
Hibernate: insert into consumable (date,medication_id,patient_id,quantity,total_cost,id) values (?,?,?,?,?,default)
Hibernate: insert into hospital_stay (daily_rate,end_date,pathology,patient_id,start_date,id) values (?,?,?,?,?,default)
Hibernate: insert into consumable (date,medication_id,patient_id,quantity,total_cost,id) values (?,?,?,?,?,default)
Hibernate: insert into consumable (date,medication_id,patient_id,quantity,total_cost,id) values (?,?,?,?,?,default)
Hibernate: insert into medical_act (cost,date,patient_id,practitioner,type,id) values (?,?,?,?,?,default)
Hibernate: insert into consumable (date,medication_id,patient_id,quantity,total_cost,id) values (?,?,?,?,?,default)
Hibernate: insert into consumable (date,medication_id,patient_id,quantity,total_cost,id) values (?,?,?,?,?,default)
Hibernate: insert into medical_act (cost,date,patient_id,practitioner,type,id) values (?,?,?,?,?,default)
Hibernate: insert into consumable (date,medication_id,patient_id,quantity,total_cost,id) values (?,?,?,?,?,default)
Hibernate: insert into consumable (date,medication_id,patient_id,quantity,total_cost,id) values (?,?,?,?,?,default)
Hibernate: insert into medical_act (cost,date,patient_id,practitioner,type,id) values (?,?,?,?,?,default)
Hibernate: insert into medical_act (cost,date,patient_id,practitioner,type,id) values (?,?,?,?,?,default)
Hibernate: insert into medical_act (cost,date,patient_id,practitioner,type,id) values (?,?,?,?,?,default)
Hibernate: insert into consumable (date,medication_id,patient_id,quantity,total_cost,id) values (?,?,?,?,?,default)
Hibernate: insert into hospital_stay (daily_rate,end_date,pathology,patient_id,start_date,id) values (?,?,?,?,?,default)
Hibernate: insert into consumable (date,medication_id,patient_id,quantity,total_cost,id) values (?,?,?,?,?,default)
Hibernate: insert into consumable (date,medication_id,patient_id,quantity,total_cost,id) values (?,?,?,?,?,default)
Hibernate: insert into consumable (date,medication_id,patient_id,quantity,total_cost,id) values (?,?,?,?,?,default)
Hibernate: insert into medical_act (cost,date,patient_id,practitioner,type,id) values (?,?,?,?,?,default)
Hibernate: insert into medical_act (cost,date,patient_id,practitioner,type,id) values (?,?,?,?,?,default)
Hibernate: insert into medical_act (cost,date,patient_id,practitioner,type,id) values (?,?,?,?,?,default)
Hibernate: insert into consumable (date,medication_id,patient_id,quantity,total_cost,id) values (?,?,?,?,?,default)
Hibernate: insert into consumable (date,medication_id,patient_id,quantity,total_cost,id) values (?,?,?,?,?,default)
Hibernate: insert into consumable (date,medication_id,patient_id,quantity,total_cost,id) values (?,?,?,?,?,default)
Hibernate: insert into consumable (date,medication_id,patient_id,quantity,total_cost,id) values (?,?,?,?,?,default)
Hibernate: insert into consumable (date,medication_id,patient_id,quantity,total_cost,id) values (?,?,?,?,?,default)
Hibernate: insert into consumable (date,medication_id,patient_id,quantity,total_cost,id) values (?,?,?,?,?,default)
Hibernate: insert into medical_act (cost,date,patient_id,practitioner,type,id) values (?,?,?,?,?,default)
Hibernate: insert into consumable (date,medication_id,patient_id,quantity,total_cost,id) values (?,?,?,?,?,default)
Hibernate: insert into consumable (date,medication_id,patient_id,quantity,total_cost,id) values (?,?,?,?,?,default)
Hibernate: insert into medical_act (cost,date,patient_id,practitioner,type,id) values (?,?,?,?,?,default)
Hibernate: insert into consumable (date,medication_id,patient_id,quantity,total_cost,id) values (?,?,?,?,?,default)
Hibernate: insert into consumable (date,medication_id,patient_id,quantity,total_cost,id) values (?,?,?,?,?,default)
Hibernate: insert into consumable (date,medication_id,patient_id,quantity,total_cost,id) values (?,?,?,?,?,default)
Hibernate: insert into consumable (date,medication_id,patient_id,quantity,total_cost,id) values (?,?,?,?,?,default)
Hibernate: insert into consumable (date,medication_id,patient_id,quantity,total_cost,id) values (?,?,?,?,?,default)
Hibernate: insert into hospital_stay (daily_rate,end_date,pathology,patient_id,start_date,id) values (?,?,?,?,?,default)
Hibernate: insert into consumable (date,medication_id,patient_id,quantity,total_cost,id) values (?,?,?,?,?,default)
Hibernate: insert into consumable (date,medication_id,patient_id,quantity,total_cost,id) values (?,?,?,?,?,default)
Hibernate: insert into consumable (date,medication_id,patient_id,quantity,total_cost,id) values (?,?,?,?,?,default)
Hibernate: insert into consumable (date,medication_id,patient_id,quantity,total_cost,id) values (?,?,?,?,?,default)
Hibernate: insert into consumable (date,medication_id,patient_id,quantity,total_cost,id) values (?,?,?,?,?,default)
Hibernate: insert into medical_act (cost,date,patient_id,practitioner,type,id) values (?,?,?,?,?,default)
Hibernate: insert into medical_act (cost,date,patient_id,practitioner,type,id) values (?,?,?,?,?,default)
Hibernate: insert into medical_act (cost,date,patient_id,practitioner,type,id) values (?,?,?,?,?,default)
Hibernate: insert into consumable (date,medication_id,patient_id,quantity,total_cost,id) values (?,?,?,?,?,default)
Hibernate: insert into consumable (date,medication_id,patient_id,quantity,total_cost,id) values (?,?,?,?,?,default)
Hibernate: insert into consumable (date,medication_id,patient_id,quantity,total_cost,id) values (?,?,?,?,?,default)
Hibernate: insert into consumable (date,medication_id,patient_id,quantity,total_cost,id) values (?,?,?,?,?,default)
Hibernate: insert into consumable (date,medication_id,patient_id,quantity,total_cost,id) values (?,?,?,?,?,default)
Hibernate: insert into medical_act (cost,date,patient_id,practitioner,type,id) values (?,?,?,?,?,default)
Hibernate: insert into consumable (date,medication_id,patient_id,quantity,total_cost,id) values (?,?,?,?,?,default)
Hibernate: insert into consumable (date,medication_id,patient_id,quantity,total_cost,id) values (?,?,?,?,?,default)
Hibernate: insert into consumable (date,medication_id,patient_id,quantity,total_cost,id) values (?,?,?,?,?,default)
Hibernate: insert into consumable (date,medication_id,patient_id,quantity,total_cost,id) values (?,?,?,?,?,default)
Hibernate: insert into hospital_stay (daily_rate,end_date,pathology,patient_id,start_date,id) values (?,?,?,?,?,default)
Hibernate: insert into consumable (date,medication_id,patient_id,quantity,total_cost,id) values (?,?,?,?,?,default)
Hibernate: insert into consumable (date,medication_id,patient_id,quantity,total_cost,id) values (?,?,?,?,?,default)
Hibernate: insert into consumable (date,medication_id,patient_id,quantity,total_cost,id) values (?,?,?,?,?,default)
Hibernate: insert into hospital_stay (daily_rate,end_date,pathology,patient_id,start_date,id) values (?,?,?,?,?,default)
Hibernate: insert into medical_act (cost,date,patient_id,practitioner,type,id) values (?,?,?,?,?,default)
Hibernate: insert into consumable (date,medication_id,patient_id,quantity,total_cost,id) values (?,?,?,?,?,default)
Hibernate: insert into consumable (date,medication_id,patient_id,quantity,total_cost,id) values (?,?,?,?,?,default)
Hibernate: insert into consumable (date,medication_id,patient_id,quantity,total_cost,id) values (?,?,?,?,?,default)
Hibernate: insert into consumable (date,medication_id,patient_id,quantity,total_cost,id) values (?,?,?,?,?,default)
Hibernate: insert into consumable (date,medication_id,patient_id,quantity,total_cost,id) values (?,?,?,?,?,default)
Hibernate: insert into consumable (date,medication_id,patient_id,quantity,total_cost,id) values (?,?,?,?,?,default)
Hibernate: insert into hospital_stay (daily_rate,end_date,pathology,patient_id,start_date,id) values (?,?,?,?,?,default)
Hibernate: insert into medical_act (cost,date,patient_id,practitioner,type,id) values (?,?,?,?,?,default)
Hibernate: insert into medical_act (cost,date,patient_id,practitioner,type,id) values (?,?,?,?,?,default)
Hibernate: insert into medical_act (cost,date,patient_id,practitioner,type,id) values (?,?,?,?,?,default)
Hibernate: insert into consumable (date,medication_id,patient_id,quantity,total_cost,id) values (?,?,?,?,?,default)
Hibernate: insert into consumable (date,medication_id,patient_id,quantity,total_cost,id) values (?,?,?,?,?,default)
Hibernate: insert into consumable (date,medication_id,patient_id,quantity,total_cost,id) values (?,?,?,?,?,default)
Hibernate: insert into consumable (date,medication_id,patient_id,quantity,total_cost,id) values (?,?,?,?,?,default)
Hibernate: insert into medical_act (cost,date,patient_id,practitioner,type,id) values (?,?,?,?,?,default)
Hibernate: insert into medical_act (cost,date,patient_id,practitioner,type,id) values (?,?,?,?,?,default)
Hibernate: insert into medical_act (cost,date,patient_id,practitioner,type,id) values (?,?,?,?,?,default)
Hibernate: insert into consumable (date,medication_id,patient_id,quantity,total_cost,id) values (?,?,?,?,?,default)
Hibernate: insert into consumable (date,medication_id,patient_id,quantity,total_cost,id) values (?,?,?,?,?,default)
Hibernate: insert into consumable (date,medication_id,patient_id,quantity,total_cost,id) values (?,?,?,?,?,default)
Hibernate: insert into consumable (date,medication_id,patient_id,quantity,total_cost,id) values (?,?,?,?,?,default)
Hibernate: insert into medical_act (cost,date,patient_id,practitioner,type,id) values (?,?,?,?,?,default)
Hibernate: insert into consumable (date,medication_id,patient_id,quantity,total_cost,id) values (?,?,?,?,?,default)
Hibernate: insert into hospital_stay (daily_rate,end_date,pathology,patient_id,start_date,id) values (?,?,?,?,?,default)
Hibernate: insert into consumable (date,medication_id,patient_id,quantity,total_cost,id) values (?,?,?,?,?,default)
Hibernate: insert into consumable (date,medication_id,patient_id,quantity,total_cost,id) values (?,?,?,?,?,default)
Hibernate: insert into consumable (date,medication_id,patient_id,quantity,total_cost,id) values (?,?,?,?,?,default)
Hibernate: insert into consumable (date,medication_id,patient_id,quantity,total_cost,id) values (?,?,?,?,?,default)
Hibernate: insert into consumable (date,medication_id,patient_id,quantity,total_cost,id) values (?,?,?,?,?,default)
Hibernate: insert into consumable (date,medication_id,patient_id,quantity,total_cost,id) values (?,?,?,?,?,default)
Hibernate: insert into consumable (date,medication_id,patient_id,quantity,total_cost,id) values (?,?,?,?,?,default)
Hibernate: insert into consumable (date,medication_id,patient_id,quantity,total_cost,id) values (?,?,?,?,?,default)
Hibernate: insert into medical_act (cost,date,patient_id,practitioner,type,id) values (?,?,?,?,?,default)
Hibernate: insert into medical_act (cost,date,patient_id,practitioner,type,id) values (?,?,?,?,?,default)
Hibernate: insert into consumable (date,medication_id,patient_id,quantity,total_cost,id) values (?,?,?,?,?,default)
Hibernate: insert into hospital_stay (daily_rate,end_date,pathology,patient_id,start_date,id) values (?,?,?,?,?,default)
Hibernate: insert into medical_act (cost,date,patient_id,practitioner,type,id) values (?,?,?,?,?,default)
Hibernate: insert into medical_act (cost,date,patient_id,practitioner,type,id) values (?,?,?,?,?,default)
Hibernate: insert into medical_act (cost,date,patient_id,practitioner,type,id) values (?,?,?,?,?,default)
Hibernate: insert into consumable (date,medication_id,patient_id,quantity,total_cost,id) values (?,?,?,?,?,default)
Hibernate: insert into consumable (date,medication_id,patient_id,quantity,total_cost,id) values (?,?,?,?,?,default)
Hibernate: insert into consumable (date,medication_id,patient_id,quantity,total_cost,id) values (?,?,?,?,?,default)
Hibernate: insert into consumable (date,medication_id,patient_id,quantity,total_cost,id) values (?,?,?,?,?,default)
Hibernate: insert into consumable (date,medication_id,patient_id,quantity,total_cost,id) values (?,?,?,?,?,default)
Hibernate: insert into consumable (date,medication_id,patient_id,quantity,total_cost,id) values (?,?,?,?,?,default)
Hibernate: insert into consumable (date,medication_id,patient_id,quantity,total_cost,id) values (?,?,?,?,?,default)
Hibernate: insert into consumable (date,medication_id,patient_id,quantity,total_cost,id) values (?,?,?,?,?,default)
Hibernate: insert into consumable (date,medication_id,patient_id,quantity,total_cost,id) values (?,?,?,?,?,default)
Hibernate: insert into consumable (date,medication_id,patient_id,quantity,total_cost,id) values (?,?,?,?,?,default)
Hibernate: insert into consumable (date,medication_id,patient_id,quantity,total_cost,id) values (?,?,?,?,?,default)
Hibernate: insert into consumable (date,medication_id,patient_id,quantity,total_cost,id) values (?,?,?,?,?,default)
Hibernate: insert into consumable (date,medication_id,patient_id,quantity,total_cost,id) values (?,?,?,?,?,default)
Hibernate: insert into consumable (date,medication_id,patient_id,quantity,total_cost,id) values (?,?,?,?,?,default)
Hibernate: insert into hospital_stay (daily_rate,end_date,pathology,patient_id,start_date,id) values (?,?,?,?,?,default)
Hibernate: insert into medical_act (cost,date,patient_id,practitioner,type,id) values (?,?,?,?,?,default)
Hibernate: insert into medical_act (cost,date,patient_id,practitioner,type,id) values (?,?,?,?,?,default)
Hibernate: insert into medical_act (cost,date,patient_id,practitioner,type,id) values (?,?,?,?,?,default)
Hibernate: insert into consumable (date,medication_id,patient_id,quantity,total_cost,id) values (?,?,?,?,?,default)
Hibernate: insert into consumable (date,medication_id,patient_id,quantity,total_cost,id) values (?,?,?,?,?,default)
Hibernate: insert into consumable (date,medication_id,patient_id,quantity,total_cost,id) values (?,?,?,?,?,default)
Hibernate: insert into consumable (date,medication_id,patient_id,quantity,total_cost,id) values (?,?,?,?,?,default)
Hibernate: insert into medical_act (cost,date,patient_id,practitioner,type,id) values (?,?,?,?,?,default)
Hibernate: insert into consumable (date,medication_id,patient_id,quantity,total_cost,id) values (?,?,?,?,?,default)
Hibernate: insert into consumable (date,medication_id,patient_id,quantity,total_cost,id) values (?,?,?,?,?,default)
Hibernate: insert into hospital_stay (daily_rate,end_date,pathology,patient_id,start_date,id) values (?,?,?,?,?,default)
Hibernate: insert into medical_act (cost,date,patient_id,practitioner,type,id) values (?,?,?,?,?,default)
Hibernate: insert into consumable (date,medication_id,patient_id,quantity,total_cost,id) values (?,?,?,?,?,default)
Hibernate: insert into hospital_stay (daily_rate,end_date,pathology,patient_id,start_date,id) values (?,?,?,?,?,default)
Hibernate: insert into medical_act (cost,date,patient_id,practitioner,type,id) values (?,?,?,?,?,default)
Hibernate: insert into medical_act (cost,date,patient_id,practitioner,type,id) values (?,?,?,?,?,default)
Hibernate: insert into medical_act (cost,date,patient_id,practitioner,type,id) values (?,?,?,?,?,default)
Hibernate: insert into consumable (date,medication_id,patient_id,quantity,total_cost,id) values (?,?,?,?,?,default)
Hibernate: insert into hospital_stay (daily_rate,end_date,pathology,patient_id,start_date,id) values (?,?,?,?,?,default)
Hibernate: insert into medical_act (cost,date,patient_id,practitioner,type,id) values (?,?,?,?,?,default)
Hibernate: insert into consumable (date,medication_id,patient_id,quantity,total_cost,id) values (?,?,?,?,?,default)
Hibernate: insert into consumable (date,medication_id,patient_id,quantity,total_cost,id) values (?,?,?,?,?,default)
Hibernate: insert into consumable (date,medication_id,patient_id,quantity,total_cost,id) values (?,?,?,?,?,default)
Hibernate: insert into consumable (date,medication_id,patient_id,quantity,total_cost,id) values (?,?,?,?,?,default)
Hibernate: insert into medical_act (cost,date,patient_id,practitioner,type,id) values (?,?,?,?,?,default)
Hibernate: insert into consumable (date,medication_id,patient_id,quantity,total_cost,id) values (?,?,?,?,?,default)
Hibernate: insert into consumable (date,medication_id,patient_id,quantity,total_cost,id) values (?,?,?,?,?,default)
Hibernate: insert into consumable (date,medication_id,patient_id,quantity,total_cost,id) values (?,?,?,?,?,default)
Hibernate: insert into consumable (date,medication_id,patient_id,quantity,total_cost,id) values (?,?,?,?,?,default)
Hibernate: insert into consumable (date,medication_id,patient_id,quantity,total_cost,id) values (?,?,?,?,?,default)
Hibernate: insert into consumable (date,medication_id,patient_id,quantity,total_cost,id) values (?,?,?,?,?,default)
Hibernate: insert into hospital_stay (daily_rate,end_date,pathology,patient_id,start_date,id) values (?,?,?,?,?,default)
Hibernate: insert into consumable (date,medication_id,patient_id,quantity,total_cost,id) values (?,?,?,?,?,default)
Hibernate: insert into consumable (date,medication_id,patient_id,quantity,total_cost,id) values (?,?,?,?,?,default)
Hibernate: insert into consumable (date,medication_id,patient_id,quantity,total_cost,id) values (?,?,?,?,?,default)
Hibernate: insert into hospital_stay (daily_rate,end_date,pathology,patient_id,start_date,id) values (?,?,?,?,?,default)
Hibernate: insert into consumable (date,medication_id,patient_id,quantity,total_cost,id) values (?,?,?,?,?,default)
Hibernate: insert into medical_act (cost,date,patient_id,practitioner,type,id) values (?,?,?,?,?,default)
Hibernate: insert into medical_act (cost,date,patient_id,practitioner,type,id) values (?,?,?,?,?,default)
Hibernate: insert into consumable (date,medication_id,patient_id,quantity,total_cost,id) values (?,?,?,?,?,default)
Hibernate: insert into consumable (date,medication_id,patient_id,quantity,total_cost,id) values (?,?,?,?,?,default)
Hibernate: insert into medical_act (cost,date,patient_id,practitioner,type,id) values (?,?,?,?,?,default)
Hibernate: insert into medical_act (cost,date,patient_id,practitioner,type,id) values (?,?,?,?,?,default)
Hibernate: insert into consumable (date,medication_id,patient_id,quantity,total_cost,id) values (?,?,?,?,?,default)
Hibernate: insert into consumable (date,medication_id,patient_id,quantity,total_cost,id) values (?,?,?,?,?,default)
Hibernate: insert into consumable (date,medication_id,patient_id,quantity,total_cost,id) values (?,?,?,?,?,default)
Hibernate: insert into consumable (date,medication_id,patient_id,quantity,total_cost,id) values (?,?,?,?,?,default)
Hibernate: insert into consumable (date,medication_id,patient_id,quantity,total_cost,id) values (?,?,?,?,?,default)
Hibernate: insert into consumable (date,medication_id,patient_id,quantity,total_cost,id) values (?,?,?,?,?,default)
Hibernate: insert into hospital_stay (daily_rate,end_date,pathology,patient_id,start_date,id) values (?,?,?,?,?,default)
Hibernate: insert into consumable (date,medication_id,patient_id,quantity,total_cost,id) values (?,?,?,?,?,default)
Hibernate: insert into consumable (date,medication_id,patient_id,quantity,total_cost,id) values (?,?,?,?,?,default)
Hibernate: insert into consumable (date,medication_id,patient_id,quantity,total_cost,id) values (?,?,?,?,?,default)
Hibernate: insert into consumable (date,medication_id,patient_id,quantity,total_cost,id) values (?,?,?,?,?,default)
Hibernate: insert into consumable (date,medication_id,patient_id,quantity,total_cost,id) values (?,?,?,?,?,default)
Hibernate: insert into consumable (date,medication_id,patient_id,quantity,total_cost,id) values (?,?,?,?,?,default)
Hibernate: insert into hospital_stay (daily_rate,end_date,pathology,patient_id,start_date,id) values (?,?,?,?,?,default)
Hibernate: insert into medical_act (cost,date,patient_id,practitioner,type,id) values (?,?,?,?,?,default)
Hibernate: insert into consumable (date,medication_id,patient_id,quantity,total_cost,id) values (?,?,?,?,?,default)
Hibernate: insert into consumable (date,medication_id,patient_id,quantity,total_cost,id) values (?,?,?,?,?,default)
Hibernate: insert into consumable (date,medication_id,patient_id,quantity,total_cost,id) values (?,?,?,?,?,default)
Hibernate: insert into consumable (date,medication_id,patient_id,quantity,total_cost,id) values (?,?,?,?,?,default)
Hibernate: insert into medical_act (cost,date,patient_id,practitioner,type,id) values (?,?,?,?,?,default)
Hibernate: insert into medical_act (cost,date,patient_id,practitioner,type,id) values (?,?,?,?,?,default)
Hibernate: insert into medical_act (cost,date,patient_id,practitioner,type,id) values (?,?,?,?,?,default)
Hibernate: insert into consumable (date,medication_id,patient_id,quantity,total_cost,id) values (?,?,?,?,?,default)
Hibernate: insert into medical_act (cost,date,patient_id,practitioner,type,id) values (?,?,?,?,?,default)
Hibernate: insert into consumable (date,medication_id,patient_id,quantity,total_cost,id) values (?,?,?,?,?,default)
Hibernate: insert into consumable (date,medication_id,patient_id,quantity,total_cost,id) values (?,?,?,?,?,default)
Hibernate: insert into medical_act (cost,date,patient_id,practitioner,type,id) values (?,?,?,?,?,default)
Hibernate: insert into medical_act (cost,date,patient_id,practitioner,type,id) values (?,?,?,?,?,default)
Hibernate: insert into consumable (date,medication_id,patient_id,quantity,total_cost,id) values (?,?,?,?,?,default)
Hibernate: insert into consumable (date,medication_id,patient_id,quantity,total_cost,id) values (?,?,?,?,?,default)
Hibernate: insert into medical_act (cost,date,patient_id,practitioner,type,id) values (?,?,?,?,?,default)
Hibernate: insert into medical_act (cost,date,patient_id,practitioner,type,id) values (?,?,?,?,?,default)
Hibernate: insert into medical_act (cost,date,patient_id,practitioner,type,id) values (?,?,?,?,?,default)
Hibernate: insert into consumable (date,medication_id,patient_id,quantity,total_cost,id) values (?,?,?,?,?,default)
Hibernate: insert into consumable (date,medication_id,patient_id,quantity,total_cost,id) values (?,?,?,?,?,default)
Hibernate: insert into consumable (date,medication_id,patient_id,quantity,total_cost,id) values (?,?,?,?,?,default)
Hibernate: insert into medical_act (cost,date,patient_id,practitioner,type,id) values (?,?,?,?,?,default)
Hibernate: insert into consumable (date,medication_id,patient_id,quantity,total_cost,id) values (?,?,?,?,?,default)
Hibernate: insert into consumable (date,medication_id,patient_id,quantity,total_cost,id) values (?,?,?,?,?,default)
Hibernate: insert into consumable (date,medication_id,patient_id,quantity,total_cost,id) values (?,?,?,?,?,default)
Hibernate: insert into hospital_stay (daily_rate,end_date,pathology,patient_id,start_date,id) values (?,?,?,?,?,default)
Hibernate: insert into medical_act (cost,date,patient_id,practitioner,type,id) values (?,?,?,?,?,default)
Hibernate: insert into medical_act (cost,date,patient_id,practitioner,type,id) values (?,?,?,?,?,default)
Hibernate: insert into medical_act (cost,date,patient_id,practitioner,type,id) values (?,?,?,?,?,default)
Hibernate: insert into consumable (date,medication_id,patient_id,quantity,total_cost,id) values (?,?,?,?,?,default)
Hibernate: insert into consumable (date,medication_id,patient_id,quantity,total_cost,id) values (?,?,?,?,?,default)
Hibernate: insert into consumable (date,medication_id,patient_id,quantity,total_cost,id) values (?,?,?,?,?,default)
Hibernate: insert into consumable (date,medication_id,patient_id,quantity,total_cost,id) values (?,?,?,?,?,default)
Hibernate: insert into consumable (date,medication_id,patient_id,quantity,total_cost,id) values (?,?,?,?,?,default)
Hibernate: insert into consumable (date,medication_id,patient_id,quantity,total_cost,id) values (?,?,?,?,?,default)
]]></system-out>
  </testcase>
</testsuite>